<?xml version="1.0" encoding="UTF-8"?>
<!-- Generated by org.testng.reporters.JUnitXMLReporter -->
<testsuite ignored="0" hostname="NileshPC" failures="1" tests="2" name="Test" time="21.568" errors="0" timestamp="2024-08-03T19:47:34 IST">
  <testcase classname="testCases.TC001_AccountRegistrationTest" name="verify_account_registastion" time="2.249"/>
  <testcase classname="testCases.TC002_LoginTest" name="verify_login" time="11.659">
    <failure type="java.lang.AssertionError" message="expected [true] but found [false]">
      <![CDATA[java.lang.AssertionError: expected [true] but found [false]
at testCases.TC002_LoginTest.verify_login(TC002_LoginTest.java:35)
at java.base/java.util.ArrayList.forEach(ArrayList.java:1511)
... Removed 31 stack frames]]>
    </failure>
  </testcase> <!-- verify_login -->
</testsuite> <!-- Test -->
